<?xml version="1.0" encoding="UTF-8"?>
<!-- Generated by org.testng.reporters.JUnitReportReporter -->
<testsuite skipped="0" hostname="DESKTOP-G1SJOVB" name="testOne.DropDownMonthTest" tests="1" failures="0" timestamp="2023-04-07T11:51:00 CDT" time="8.917" errors="0">
  <testcase name="ValidateMonthDropdown" time="8.917" classname="testOne.DropDownMonthTest"/>
  <system-out/>
</testsuite> <!-- testOne.DropDownMonthTest -->
