<?xml version="1.0" encoding="UTF-8"?>
<!-- Generated by org.testng.reporters.JUnitReportReporter -->
<testsuite skipped="0" hostname="DESKTOP-G1SJOVB" name="testOne.ToggleTest" tests="1" failures="0" timestamp="2023-03-31T12:57:25 CDT" time="8.979" errors="0">
  <testcase name="UsingToggleBoxShouldBeAbleToClickAllBoxes" time="8.979" classname="testOne.ToggleTest"/>
  <system-out/>
</testsuite> <!-- testOne.ToggleTest -->
